\BOOKMARK [1][-]{section.3}{\376\377\000R\000e\000a\000d\000i\000n\000g}{}% 1
\BOOKMARK [1][-]{section.5}{\376\377\000N\000o\000t\000a\000t\000i\000o\000n}{}% 2
\BOOKMARK [1][-]{section.6}{\376\377\000N\000e\000c\000e\000s\000s\000a\000r\000y}{}% 3
\BOOKMARK [2][-]{subsection.7}{\376\377\000T\000r\000i\000a\000n\000g\000l\000e\000s}{section.6}% 4
\BOOKMARK [2][-]{subsection.11}{\376\377\000C\000i\000r\000c\000l\000e\000s}{section.6}% 5
\BOOKMARK [2][-]{subsection.15}{\376\377\000A\000n\000g\000l\000e\000\040\000C\000h\000a\000s\000i\000n\000g}{section.6}% 6
\BOOKMARK [2][-]{subsection.17}{\376\377\000Q\000u\000a\000d\000r\000i\000l\000a\000t\000e\000r\000a\000l\000s}{section.6}% 7
\BOOKMARK [2][-]{subsection.20}{\376\377\000P\000o\000l\000y\000g\000o\000n\000s}{section.6}% 8
\BOOKMARK [2][-]{subsection.23}{\376\377\000A\000n\000a\000l\000y\000t\000i\000c}{section.6}% 9
\BOOKMARK [2][-]{subsection.25}{\376\377\000B\000a\000s\000i\000c\000\040\000T\000r\000i\000g}{section.6}% 10
\BOOKMARK [2][-]{subsection.29}{\376\377\0003\000D\000\040\000G\000e\000o\000m\000e\000t\000r\000y}{section.6}% 11
\BOOKMARK [1][-]{section.32}{\376\377\000A\000M\000C\000\040\0001\0000}{}% 12
\BOOKMARK [2][-]{subsection.33}{\376\377\000A\000r\000e\000a\000\040\000F\000o\000r\000m\000u\000l\000a\000s}{section.32}% 13
\BOOKMARK [2][-]{subsection.35}{\376\377\000M\000o\000r\000e\000\040\000T\000r\000i\000a\000n\000g\000l\000e\000s}{section.32}% 14
\BOOKMARK [2][-]{subsection.37}{\376\377\000C\000y\000c\000l\000i\000c\000\040\000Q\000u\000a\000d\000r\000i\000l\000a\000t\000e\000r\000a\000l\000s}{section.32}% 15
\BOOKMARK [2][-]{subsection.40}{\376\377\000P\000o\000w\000e\000r\000\040\000o\000f\000\040\000a\000\040\000P\000o\000i\000n\000t}{section.32}% 16
\BOOKMARK [2][-]{subsection.42}{\376\377\000T\000r\000i\000g\000o\000n\000o\000m\000e\000t\000r\000y}{section.32}% 17
\BOOKMARK [2][-]{subsection.45}{\376\377\000A\000n\000a\000l\000y\000t\000i\000c\000\040\000G\000e\000o\000m\000e\000t\000r\000y}{section.32}% 18
\BOOKMARK [1][-]{section.48}{\376\377\000A\000M\000C\000\040\0001\0002}{}% 19
\BOOKMARK [2][-]{subsection.49}{\376\377\000E\000v\000e\000n\000\040\000m\000o\000r\000e\000\040\000T\000r\000i\000a\000n\000g\000l\000e\000s}{section.48}% 20
\BOOKMARK [2][-]{subsection.51}{\376\377\000C\000o\000l\000i\000n\000e\000a\000r\000i\000t\000y}{section.48}% 21
\BOOKMARK [2][-]{subsection.53}{\376\377\000C\000o\000m\000p\000l\000e\000x\000\040\000N\000u\000m\000b\000e\000r\000s}{section.48}% 22
\BOOKMARK [2][-]{subsection.55}{\376\377\000V\000e\000c\000t\000o\000r\000s}{section.48}% 23
\BOOKMARK [2][-]{subsection.58}{\376\377\0003\000D\000\040\000G\000e\000o\000m\000e\000t\000r\000y}{section.48}% 24
\BOOKMARK [2][-]{subsection.61}{\376\377\000M\000a\000s\000s\000\040\000P\000o\000i\000n\000t\000s}{section.48}% 25
\BOOKMARK [1][-]{section.62}{\376\377\000A\000I\000M\000E}{}% 26
\BOOKMARK [2][-]{subsection.63}{\376\377\000B\000a\000r\000y\000c\000e\000n\000t\000r\000i\000c\000\040\000C\000o\000o\000r\000d\000i\000n\000a\000t\000e\000s}{section.62}% 27
\BOOKMARK [2][-]{subsection.64}{\376\377\000P\000r\000o\000j\000e\000c\000t\000i\000v\000e\000\040\000G\000e\000o\000m\000e\000t\000r\000y}{section.62}% 28
\BOOKMARK [2][-]{subsection.65}{\376\377\000O\000l\000y\000m\000p\000i\000a\000d\000\040\000G\000e\000o\000m\000e\000t\000r\000y}{section.62}% 29
